TIMESTAMP CPU% MEM% RSS_KB
2026-04-17 03:24:58 0.0 0.0 1628
2026-04-17 03:24:59 0.0 0.0 1628
2026-04-17 03:25:00 0.0 0.0 1628
2026-04-17 03:25:01 0.0 0.0 1628
2026-04-17 03:25:02 0.0 0.0 1628
2026-04-17 03:25:03 0.0 0.0 1628
2026-04-17 03:25:04 0.0 0.0 1628
2026-04-17 03:25:05 0.0 0.0 1628
2026-04-17 03:25:06 0.0 0.0 1628
2026-04-17 03:25:07 0.0 0.0 1628
2026-04-17 03:25:08 0.0 0.0 1628
2026-04-17 03:25:09 0.0 0.0 1628
2026-04-17 03:25:10 0.0 0.0 1628
2026-04-17 03:25:11 0.0 0.0 1628
2026-04-17 03:25:12 0.0 0.0 1628
2026-04-17 03:25:13 0.0 0.0 1628
2026-04-17 03:25:14 0.0 0.0 1628
2026-04-17 03:25:15 0.0 0.0 1628
2026-04-17 03:25:16 0.0 0.0 1628
2026-04-17 03:25:17 0.0 0.0 1628
2026-04-17 03:25:19 0.0 0.0 1628
2026-04-17 03:25:20 0.0 0.0 1628
2026-04-17 03:25:21 0.0 0.0 1628
2026-04-17 03:25:22 0.0 0.0 1628
2026-04-17 03:25:23 0.0 0.0 1628
2026-04-17 03:25:24 0.0 0.0 1628
2026-04-17 03:25:25 0.0 0.0 1628
2026-04-17 03:25:26 0.0 0.0 1628
2026-04-17 03:25:27 0.0 0.0 1628
2026-04-17 03:25:28 0.0 0.0 1628
2026-04-17 03:25:29 0.0 0.0 1628
2026-04-17 03:25:30 0.0 0.0 1628
2026-04-17 03:25:31 0.0 0.0 1628
2026-04-17 03:25:32 0.0 0.0 1628
2026-04-17 03:25:33 0.0 0.0 1628
2026-04-17 03:25:34 0.0 0.0 1628
2026-04-17 03:25:35 0.0 0.0 1628
2026-04-17 03:25:36 0.0 0.0 1628
2026-04-17 03:25:37 0.0 0.0 1628
2026-04-17 03:25:38 0.0 0.0 1628
2026-04-17 03:25:39 0.0 0.0 1628
2026-04-17 03:25:40 0.0 0.0 1628
2026-04-17 03:25:41 0.0 0.0 1628
2026-04-17 03:25:42 0.0 0.0 1628
2026-04-17 03:25:43 0.0 0.0 1628
2026-04-17 03:25:44 0.0 0.0 1628
2026-04-17 03:25:45 0.0 0.0 1628
2026-04-17 03:25:47 0.0 0.0 1628
2026-04-17 03:25:48 0.0 0.0 1628
2026-04-17 03:25:49 0.0 0.0 1628
2026-04-17 03:25:50 0.0 0.0 1628
2026-04-17 03:25:51 0.0 0.0 1628
2026-04-17 03:25:52 0.0 0.0 1628
2026-04-17 03:25:53 0.0 0.0 1628
2026-04-17 03:25:55 0.0 0.0 1628
2026-04-17 03:25:56 0.0 0.0 1628
2026-04-17 03:25:57 0.0 0.0 1628
2026-04-17 03:25:58 0.0 0.0 1628
2026-04-17 03:26:00 0.0 0.0 1628
2026-04-17 03:26:01 0.0 0.0 1628
2026-04-17 03:26:02 0.0 0.0 1628
2026-04-17 03:26:03 0.0 0.0 1628
2026-04-17 03:26:04 0.0 0.0 1628
2026-04-17 03:26:05 0.0 0.0 1628
2026-04-17 03:26:06 0.0 0.0 1628
2026-04-17 03:26:07 0.0 0.0 1628
2026-04-17 03:26:09 0.0 0.0 1628
2026-04-17 03:26:11 0.0 0.0 1628
2026-04-17 03:26:13 0.0 0.0 1628
2026-04-17 03:26:15 0.0 0.0 1628
2026-04-17 03:26:17 0.0 0.0 1628
2026-04-17 03:26:19 0.0 0.0 1628
2026-04-17 03:26:21 0.0 0.0 1628
2026-04-17 03:26:23 0.0 0.0 1628
2026-04-17 03:26:25 0.0 0.0 1628
2026-04-17 03:26:26 0.0 0.0 1628
2026-04-17 03:26:27 0.0 0.0 1628
2026-04-17 03:26:28 0.0 0.0 1628
2026-04-17 03:26:29 0.0 0.0 1628
2026-04-17 03:26:31 0.0 0.0 1628
2026-04-17 03:26:32 0.0 0.0 1628
2026-04-17 03:26:33 0.0 0.0 1628
2026-04-17 03:26:34 0.0 0.0 1628
2026-04-17 03:26:35 0.0 0.0 1628
2026-04-17 03:26:36 0.0 0.0 1628
2026-04-17 03:26:37 0.0 0.0 1628
2026-04-17 03:26:38 0.0 0.0 1628
2026-04-17 03:26:39 0.0 0.0 1628
2026-04-17 03:26:40 0.0 0.0 1628
2026-04-17 03:26:41 0.0 0.0 1628
2026-04-17 03:26:42 0.0 0.0 1628
2026-04-17 03:26:44 0.0 0.0 1628
2026-04-17 03:26:45 0.0 0.0 1628
2026-04-17 03:26:46 0.0 0.0 1628
2026-04-17 03:26:47 0.0 0.0 1628
2026-04-17 03:26:48 0.0 0.0 1628
2026-04-17 03:26:49 0.0 0.0 1628
2026-04-17 03:26:50 0.0 0.0 1628
2026-04-17 03:26:51 0.0 0.0 1628
2026-04-17 03:26:52 0.0 0.0 1628
2026-04-17 03:26:53 0.0 0.0 1628
2026-04-17 03:26:54 0.0 0.0 1628
2026-04-17 03:26:55 0.0 0.0 1628
2026-04-17 03:26:56 0.0 0.0 1628
2026-04-17 03:26:57 0.0 0.0 1628
2026-04-17 03:26:58 0.0 0.0 1628
2026-04-17 03:26:59 0.0 0.0 1628
2026-04-17 03:27:00 0.0 0.0 1628
2026-04-17 03:27:01 0.0 0.0 1628
2026-04-17 03:27:02 0.0 0.0 1628
2026-04-17 03:27:03 0.0 0.0 1628
2026-04-17 03:27:04 0.0 0.0 1628
2026-04-17 03:27:05 0.0 0.0 1628
2026-04-17 03:27:06 0.0 0.0 1628
2026-04-17 03:27:07 0.0 0.0 1628
2026-04-17 03:27:08 0.0 0.0 1628
2026-04-17 03:27:09 0.0 0.0 1628
2026-04-17 03:27:11 0.0 0.0 1628
2026-04-17 03:27:12 0.0 0.0 1628
2026-04-17 03:27:13 0.0 0.0 1628
2026-04-17 03:27:14 0.0 0.0 1628
2026-04-17 03:27:15 0.0 0.0 1628
2026-04-17 03:27:16 0.0 0.0 1628
2026-04-17 03:27:17 0.0 0.0 1628
2026-04-17 03:27:18 0.0 0.0 1628
2026-04-17 03:27:19 0.0 0.0 1628
2026-04-17 03:27:20 0.0 0.0 1628
2026-04-17 03:27:21 0.0 0.0 1628
2026-04-17 03:27:22 0.0 0.0 1628
2026-04-17 03:27:23 0.0 0.0 1628
2026-04-17 03:27:24 0.0 0.0 1628
2026-04-17 03:27:25 0.0 0.0 1628
2026-04-17 03:27:26 0.0 0.0 1628
2026-04-17 03:27:27 0.0 0.0 1628
2026-04-17 03:27:28 0.0 0.0 1628
2026-04-17 03:27:29 0.0 0.0 1628
2026-04-17 03:27:30 0.0 0.0 1628
2026-04-17 03:27:31 0.0 0.0 1628
2026-04-17 03:27:32 0.0 0.0 1628
2026-04-17 03:27:33 0.0 0.0 1628
2026-04-17 03:27:34 0.0 0.0 1628
2026-04-17 03:27:35 0.0 0.0 1628
2026-04-17 03:27:37 0.0 0.0 1628
2026-04-17 03:27:38 0.0 0.0 1628
2026-04-17 03:27:39 0.0 0.0 1628
2026-04-17 03:27:40 0.0 0.0 1628
2026-04-17 03:27:41 0.0 0.0 1628
2026-04-17 03:27:42 0.0 0.0 1628
2026-04-17 03:27:43 0.0 0.0 1628
2026-04-17 03:27:44 0.0 0.0 1628
2026-04-17 03:27:45 0.0 0.0 1628
2026-04-17 03:27:46 0.0 0.0 1628
2026-04-17 03:27:47 0.0 0.0 1628
2026-04-17 03:27:48 0.0 0.0 1628
2026-04-17 03:27:49 0.0 0.0 1628
2026-04-17 03:27:50 0.0 0.0 1628
2026-04-17 03:27:51 0.0 0.0 1628
2026-04-17 03:27:53 0.0 0.0 1628
2026-04-17 03:27:54 0.0 0.0 1628
2026-04-17 03:27:55 0.0 0.0 1628
2026-04-17 03:27:56 0.0 0.0 1628
2026-04-17 03:27:57 0.0 0.0 1628
2026-04-17 03:27:58 0.0 0.0 1628
2026-04-17 03:27:59 0.0 0.0 1628
2026-04-17 03:28:00 0.0 0.0 1628
2026-04-17 03:28:01 0.0 0.0 1628
2026-04-17 03:28:02 0.0 0.0 1628
2026-04-17 03:28:03 0.0 0.0 1628
2026-04-17 03:28:04 0.0 0.0 1628
2026-04-17 03:28:05 0.0 0.0 1628
2026-04-17 03:28:06 0.0 0.0 1628
2026-04-17 03:28:07 0.0 0.0 1628
2026-04-17 03:28:08 0.0 0.0 1628
2026-04-17 03:28:09 0.0 0.0 1628
2026-04-17 03:28:10 0.0 0.0 1628
2026-04-17 03:28:11 0.0 0.0 1628
2026-04-17 03:28:12 0.0 0.0 1628
2026-04-17 03:28:13 0.0 0.0 1628
2026-04-17 03:28:15 0.0 0.0 1628
2026-04-17 03:28:16 0.0 0.0 1628
2026-04-17 03:28:17 0.0 0.0 1628
2026-04-17 03:28:18 0.0 0.0 1628
2026-04-17 03:28:19 0.0 0.0 1628
2026-04-17 03:28:20 0.0 0.0 1628
2026-04-17 03:28:21 0.0 0.0 1628
2026-04-17 03:28:22 0.0 0.0 1628
2026-04-17 03:28:23 0.0 0.0 1628
2026-04-17 03:28:24 0.0 0.0 1628
2026-04-17 03:28:25 0.0 0.0 1628
2026-04-17 03:28:27 0.0 0.0 1628
2026-04-17 03:28:28 0.0 0.0 1628
2026-04-17 03:28:29 0.0 0.0 1628
2026-04-17 03:28:30 0.0 0.0 1628
2026-04-17 03:28:31 0.0 0.0 1628
2026-04-17 03:28:32 0.0 0.0 1628
2026-04-17 03:28:33 0.0 0.0 1628
2026-04-17 03:28:34 0.0 0.0 1628
2026-04-17 03:28:35 0.0 0.0 1628
2026-04-17 03:28:37 0.0 0.0 1628
2026-04-17 03:28:38 0.0 0.0 1628
2026-04-17 03:28:39 0.0 0.0 1628
2026-04-17 03:28:40 0.0 0.0 1628
2026-04-17 03:28:41 0.0 0.0 1628
2026-04-17 03:28:42 0.0 0.0 1628
2026-04-17 03:28:43 0.0 0.0 1628
2026-04-17 03:28:44 0.0 0.0 1628
2026-04-17 03:28:45 0.0 0.0 1628
2026-04-17 03:28:46 0.0 0.0 1628
2026-04-17 03:28:47 0.0 0.0 1628
2026-04-17 03:28:48 0.0 0.0 1628
2026-04-17 03:28:49 0.0 0.0 1628
2026-04-17 03:28:50 0.0 0.0 1628
2026-04-17 03:28:51 0.0 0.0 1628
2026-04-17 03:28:52 0.0 0.0 1628
2026-04-17 03:28:53 0.0 0.0 1628
2026-04-17 03:28:54 0.0 0.0 1628
2026-04-17 03:28:55 0.0 0.0 1628
2026-04-17 03:28:56 0.0 0.0 1628
2026-04-17 03:28:57 0.0 0.0 1628
2026-04-17 03:28:58 0.0 0.0 1628
2026-04-17 03:28:59 0.0 0.0 1628
2026-04-17 03:29:01 0.0 0.0 1628
2026-04-17 03:29:02 0.0 0.0 1628
2026-04-17 03:29:03 0.0 0.0 1628
2026-04-17 03:29:04 0.0 0.0 1628
2026-04-17 03:29:05 0.0 0.0 1628
2026-04-17 03:29:06 0.0 0.0 1628
2026-04-17 03:29:07 0.0 0.0 1628
2026-04-17 03:29:08 0.0 0.0 1628
2026-04-17 03:29:09 0.0 0.0 1628
2026-04-17 03:29:10 0.0 0.0 1628
2026-04-17 03:29:11 0.0 0.0 1628
2026-04-17 03:29:12 0.0 0.0 1628
2026-04-17 03:29:13 0.0 0.0 1628
2026-04-17 03:29:14 0.0 0.0 1628
2026-04-17 03:29:15 0.0 0.0 1628
2026-04-17 03:29:16 0.0 0.0 1628
2026-04-17 03:29:17 0.0 0.0 1628
2026-04-17 03:29:18 0.0 0.0 1628
2026-04-17 03:29:19 0.0 0.0 1628
2026-04-17 03:29:20 0.0 0.0 1628
2026-04-17 03:29:21 0.0 0.0 1628
2026-04-17 03:29:23 0.0 0.0 1628
2026-04-17 03:29:24 0.0 0.0 1628
2026-04-17 03:29:25 0.0 0.0 1628
2026-04-17 03:29:26 0.0 0.0 1628
2026-04-17 03:29:27 0.0 0.0 1628
2026-04-17 03:29:29 0.0 0.0 1628
2026-04-17 03:29:31 0.0 0.0 1628
2026-04-17 03:29:42 0.0 0.0 1628
2026-04-17 03:29:44 0.0 0.0 1628
2026-04-17 03:29:46 0.0 0.0 1628
2026-04-17 03:29:47 0.0 0.0 1628
2026-04-17 03:29:49 0.0 0.0 1628
2026-04-17 03:29:50 0.0 0.0 1628
2026-04-17 03:29:51 0.0 0.0 1628
2026-04-17 03:29:53 0.0 0.0 1628
2026-04-17 03:29:54 0.0 0.0 1628
2026-04-17 03:29:56 0.0 0.0 1628
2026-04-17 03:29:58 0.0 0.0 1628
2026-04-17 03:30:00 0.0 0.0 1628
2026-04-17 03:30:02 0.0 0.0 1628
2026-04-17 03:30:04 0.0 0.0 1628
2026-04-17 03:30:06 0.0 0.0 1628
2026-04-17 03:30:08 0.0 0.0 1628
2026-04-17 03:30:10 0.0 0.0 1628
2026-04-17 03:30:12 0.0 0.0 1628
2026-04-17 03:30:14 0.0 0.0 1628
2026-04-17 03:30:16 0.0 0.0 1628
2026-04-17 03:30:18 0.0 0.0 1628
2026-04-17 03:30:20 0.0 0.0 1628
2026-04-17 03:30:22 0.0 0.0 1628
2026-04-17 03:30:24 0.0 0.0 1628
2026-04-17 03:30:26 0.0 0.0 1628
2026-04-17 03:30:27 0.0 0.0 1628
2026-04-17 03:30:28 0.0 0.0 1628
2026-04-17 03:30:29 0.0 0.0 1628
2026-04-17 03:30:31 0.0 0.0 1628
2026-04-17 03:30:32 0.0 0.0 1628
2026-04-17 03:30:33 0.0 0.0 1628
2026-04-17 03:30:34 0.0 0.0 1628
2026-04-17 03:30:35 0.0 0.0 1628
2026-04-17 03:30:36 0.0 0.0 1628
2026-04-17 03:30:37 0.0 0.0 1628
2026-04-17 03:30:38 0.0 0.0 1628
2026-04-17 03:30:39 0.0 0.0 1628
2026-04-17 03:30:40 0.0 0.0 1628
2026-04-17 03:30:41 0.0 0.0 1628
2026-04-17 03:30:42 0.0 0.0 1628
2026-04-17 03:30:43 0.0 0.0 1628
2026-04-17 03:30:44 0.0 0.0 1628
2026-04-17 03:30:45 0.0 0.0 1628
2026-04-17 03:30:46 0.0 0.0 1628
2026-04-17 03:30:47 0.0 0.0 1628
2026-04-17 03:30:48 0.0 0.0 1628
2026-04-17 03:30:49 0.0 0.0 1628
2026-04-17 03:30:50 0.0 0.0 1628
2026-04-17 03:30:51 0.0 0.0 1628
2026-04-17 03:30:52 0.0 0.0 1628
2026-04-17 03:30:53 0.0 0.0 1628
2026-04-17 03:30:54 0.0 0.0 1628
2026-04-17 03:30:56 0.0 0.0 1628
2026-04-17 03:30:57 0.0 0.0 1628
2026-04-17 03:30:58 0.0 0.0 1628
2026-04-17 03:30:59 0.0 0.0 1628
2026-04-17 03:31:00 0.0 0.0 1628
2026-04-17 03:31:01 0.0 0.0 1628
2026-04-17 03:31:02 0.0 0.0 1628
2026-04-17 03:31:03 0.0 0.0 1628
2026-04-17 03:31:04 0.0 0.0 1628
2026-04-17 03:31:05 0.0 0.0 1628
2026-04-17 03:31:06 0.0 0.0 1628
2026-04-17 03:31:07 0.0 0.0 1628
2026-04-17 03:31:08 0.0 0.0 1628
2026-04-17 03:31:09 0.0 0.0 1628
2026-04-17 03:31:10 0.0 0.0 1628
2026-04-17 03:31:12 0.0 0.0 1628
2026-04-17 03:31:13 0.0 0.0 1628
2026-04-17 03:31:15 0.0 0.0 1628
2026-04-17 03:31:17 0.0 0.0 1628
2026-04-17 03:31:19 0.0 0.0 1628
2026-04-17 03:31:20 0.0 0.0 1628
2026-04-17 03:31:22 0.0 0.0 1628
2026-04-17 03:31:24 0.0 0.0 1628
2026-04-17 03:31:26 0.0 0.0 1628
2026-04-17 03:31:28 0.0 0.0 1628
2026-04-17 03:31:30 0.0 0.0 1628
2026-04-17 03:31:32 0.0 0.0 1628
2026-04-17 03:31:34 0.0 0.0 1628
2026-04-17 03:31:36 0.0 0.0 1628
2026-04-17 03:31:38 0.0 0.0 1628
2026-04-17 03:31:40 0.0 0.0 1628
2026-04-17 03:31:41 0.0 0.0 1628
